<?xml version="1.0" encoding="UTF-8"?>
<!-- Generated by org.testng.reporters.JUnitReportReporter -->
<testsuite hostname="GGI" failures="0" tests="1" name="qaautomation.INAPAY.AppTest" time="0.019" errors="0" timestamp="16 Jan 2023 07:51:38 GMT" skipped="0">
  <testcase classname="qaautomation.INAPAY.AppTest" name="shouldAnswerWithTrue" time="0.019"/>
</testsuite> <!-- qaautomation.INAPAY.AppTest -->
